mode: set
github.com/vatsal278/msgbroker/pkg/parser/parser.go:9.56,14.16 2 1
github.com/vatsal278/msgbroker/pkg/parser/parser.go:18.2,19.16 2 1
github.com/vatsal278/msgbroker/pkg/parser/parser.go:22.2,22.12 1 1
github.com/vatsal278/msgbroker/pkg/parser/parser.go:14.16,16.3 1 0
github.com/vatsal278/msgbroker/pkg/parser/parser.go:19.16,21.3 1 1
github.com/vatsal278/msgbroker/internal/pkg/parser/parseRequest.go:10.68,12.16 2 1
github.com/vatsal278/msgbroker/internal/pkg/parser/parseRequest.go:15.2,16.16 2 1
github.com/vatsal278/msgbroker/internal/pkg/parser/parseRequest.go:19.2,19.12 1 1
github.com/vatsal278/msgbroker/internal/pkg/parser/parseRequest.go:12.16,14.3 1 1
github.com/vatsal278/msgbroker/internal/pkg/parser/parseRequest.go:16.16,18.3 1 1
github.com/vatsal278/msgbroker/pkg/responseWriter/responseWriter.go:14.104,22.2 5 1
github.com/vatsal278/msgbroker/pkg/validate/validate.go:5.36,8.17 3 1
github.com/vatsal278/msgbroker/pkg/validate/validate.go:11.2,11.12 1 1
github.com/vatsal278/msgbroker/pkg/validate/validate.go:8.17,10.3 1 1
github.com/vatsal278/msgbroker/internal/router/router.go:11.27,22.2 8 1
github.com/vatsal278/msgbroker/internal/handler/controller/controller.go:25.54,32.2 1 1
github.com/vatsal278/msgbroker/internal/handler/controller/controller.go:34.83,35.54 1 1
github.com/vatsal278/msgbroker/internal/handler/controller/controller.go:35.54,38.17 3 1
github.com/vatsal278/msgbroker/internal/handler/controller/controller.go:44.3,47.10 4 1
github.com/vatsal278/msgbroker/internal/handler/controller/controller.go:51.3,58.45 5 1
github.com/vatsal278/msgbroker/internal/handler/controller/controller.go:38.17,42.4 3 1
github.com/vatsal278/msgbroker/internal/handler/controller/controller.go:47.10,50.4 2 1
github.com/vatsal278/msgbroker/internal/handler/controller/controller.go:62.84,63.54 1 1
github.com/vatsal278/msgbroker/internal/handler/controller/controller.go:63.54,66.17 3 1
github.com/vatsal278/msgbroker/internal/handler/controller/controller.go:71.3,72.31 2 1
github.com/vatsal278/msgbroker/internal/handler/controller/controller.go:87.3,88.46 2 1
github.com/vatsal278/msgbroker/internal/handler/controller/controller.go:66.17,70.4 3 1
github.com/vatsal278/msgbroker/internal/handler/controller/controller.go:72.31,77.27 4 1
github.com/vatsal278/msgbroker/internal/handler/controller/controller.go:82.4,84.42 3 1
github.com/vatsal278/msgbroker/internal/handler/controller/controller.go:77.27,78.32 1 0
github.com/vatsal278/msgbroker/internal/handler/controller/controller.go:78.32,80.6 1 0
github.com/vatsal278/msgbroker/internal/handler/controller/controller.go:92.80,93.54 1 1
github.com/vatsal278/msgbroker/internal/handler/controller/controller.go:93.54,97.17 3 1
github.com/vatsal278/msgbroker/internal/handler/controller/controller.go:102.3,104.17 2 1
github.com/vatsal278/msgbroker/internal/handler/controller/controller.go:110.3,112.10 3 1
github.com/vatsal278/msgbroker/internal/handler/controller/controller.go:118.3,118.69 1 1
github.com/vatsal278/msgbroker/internal/handler/controller/controller.go:154.3,155.37 2 1
github.com/vatsal278/msgbroker/internal/handler/controller/controller.go:97.17,101.4 3 1
github.com/vatsal278/msgbroker/internal/handler/controller/controller.go:104.17,108.4 3 1
github.com/vatsal278/msgbroker/internal/handler/controller/controller.go:112.10,116.4 3 1
github.com/vatsal278/msgbroker/internal/handler/controller/controller.go:118.69,119.32 1 1
github.com/vatsal278/msgbroker/internal/handler/controller/controller.go:119.32,126.35 5 1
github.com/vatsal278/msgbroker/internal/handler/controller/controller.go:142.5,143.19 2 1
github.com/vatsal278/msgbroker/internal/handler/controller/controller.go:147.5,150.23 4 1
github.com/vatsal278/msgbroker/internal/handler/controller/controller.go:126.35,130.20 3 1
github.com/vatsal278/msgbroker/internal/handler/controller/controller.go:134.6,135.20 2 1
github.com/vatsal278/msgbroker/internal/handler/controller/controller.go:140.6,140.25 1 1
github.com/vatsal278/msgbroker/internal/handler/controller/controller.go:130.20,133.7 2 0
github.com/vatsal278/msgbroker/internal/handler/controller/controller.go:135.20,138.7 2 0
github.com/vatsal278/msgbroker/internal/handler/controller/controller.go:143.19,146.6 2 0
github.com/vatsal278/msgbroker/internal/handler/controller/controller.go:158.78,159.54 1 1
github.com/vatsal278/msgbroker/internal/handler/controller/controller.go:159.54,162.3 2 1
github.com/vatsal278/msgbroker/pkg/crypt/rsa.go:13.78,17.16 4 1
github.com/vatsal278/msgbroker/pkg/crypt/rsa.go:20.2,20.59 1 1
github.com/vatsal278/msgbroker/pkg/crypt/rsa.go:17.16,19.3 1 1
github.com/vatsal278/msgbroker/pkg/crypt/rsa.go:23.80,28.16 5 1
github.com/vatsal278/msgbroker/pkg/crypt/rsa.go:31.2,31.31 1 1
github.com/vatsal278/msgbroker/pkg/crypt/rsa.go:28.16,30.3 1 1
github.com/vatsal278/msgbroker/pkg/crypt/rsa.go:34.51,42.2 2 1
github.com/vatsal278/msgbroker/pkg/crypt/rsa.go:43.50,51.2 2 1
github.com/vatsal278/msgbroker/pkg/crypt/rsa.go:52.60,54.16 2 1
github.com/vatsal278/msgbroker/pkg/crypt/rsa.go:57.2,58.60 2 1
github.com/vatsal278/msgbroker/pkg/crypt/rsa.go:62.2,63.16 2 1
github.com/vatsal278/msgbroker/pkg/crypt/rsa.go:66.2,66.26 1 1
github.com/vatsal278/msgbroker/pkg/crypt/rsa.go:54.16,56.3 1 1
github.com/vatsal278/msgbroker/pkg/crypt/rsa.go:58.60,61.3 2 1
github.com/vatsal278/msgbroker/pkg/crypt/rsa.go:63.16,65.3 1 0
github.com/vatsal278/msgbroker/pkg/crypt/rsa.go:68.62,70.16 2 1
github.com/vatsal278/msgbroker/pkg/crypt/rsa.go:73.2,74.61 2 1
github.com/vatsal278/msgbroker/pkg/crypt/rsa.go:78.2,79.16 2 1
github.com/vatsal278/msgbroker/pkg/crypt/rsa.go:82.2,82.26 1 1
github.com/vatsal278/msgbroker/pkg/crypt/rsa.go:70.16,72.3 1 1
github.com/vatsal278/msgbroker/pkg/crypt/rsa.go:74.61,77.3 2 1
github.com/vatsal278/msgbroker/pkg/crypt/rsa.go:79.16,81.3 1 0
github.com/vatsal278/msgbroker/pkg/sdk/request.go:20.48,24.2 1 1
github.com/vatsal278/msgbroker/pkg/sdk/request.go:46.111,51.16 3 1
github.com/vatsal278/msgbroker/pkg/sdk/request.go:54.2,58.16 3 1
github.com/vatsal278/msgbroker/pkg/sdk/request.go:61.2,61.46 1 1
github.com/vatsal278/msgbroker/pkg/sdk/request.go:64.2,64.12 1 1
github.com/vatsal278/msgbroker/pkg/sdk/request.go:51.16,53.3 1 0
github.com/vatsal278/msgbroker/pkg/sdk/request.go:58.16,60.3 1 1
github.com/vatsal278/msgbroker/pkg/sdk/request.go:61.46,63.3 1 1
github.com/vatsal278/msgbroker/pkg/sdk/request.go:67.68,71.16 4 1
github.com/vatsal278/msgbroker/pkg/sdk/request.go:74.2,78.16 3 1
github.com/vatsal278/msgbroker/pkg/sdk/request.go:81.2,81.46 1 1
github.com/vatsal278/msgbroker/pkg/sdk/request.go:84.2,85.16 2 1
github.com/vatsal278/msgbroker/pkg/sdk/request.go:88.2,89.16 2 1
github.com/vatsal278/msgbroker/pkg/sdk/request.go:92.2,93.9 2 1
github.com/vatsal278/msgbroker/pkg/sdk/request.go:96.2,97.25 2 1
github.com/vatsal278/msgbroker/pkg/sdk/request.go:100.2,100.16 1 1
github.com/vatsal278/msgbroker/pkg/sdk/request.go:71.16,73.3 1 0
github.com/vatsal278/msgbroker/pkg/sdk/request.go:78.16,80.3 1 1
github.com/vatsal278/msgbroker/pkg/sdk/request.go:81.46,83.3 1 1
github.com/vatsal278/msgbroker/pkg/sdk/request.go:85.16,87.3 1 1
github.com/vatsal278/msgbroker/pkg/sdk/request.go:89.16,91.3 1 1
github.com/vatsal278/msgbroker/pkg/sdk/request.go:93.9,95.3 1 1
github.com/vatsal278/msgbroker/pkg/sdk/request.go:97.25,99.3 1 1
github.com/vatsal278/msgbroker/pkg/sdk/request.go:103.79,112.16 3 1
github.com/vatsal278/msgbroker/pkg/sdk/request.go:115.2,119.16 3 1
github.com/vatsal278/msgbroker/pkg/sdk/request.go:122.2,122.46 1 1
github.com/vatsal278/msgbroker/pkg/sdk/request.go:125.2,125.12 1 1
github.com/vatsal278/msgbroker/pkg/sdk/request.go:112.16,114.3 1 0
github.com/vatsal278/msgbroker/pkg/sdk/request.go:119.16,121.3 1 1
github.com/vatsal278/msgbroker/pkg/sdk/request.go:122.46,124.3 1 1
github.com/vatsal278/msgbroker/pkg/sdk/request.go:128.99,129.52 1 1
github.com/vatsal278/msgbroker/pkg/sdk/request.go:129.52,130.20 1 1
github.com/vatsal278/msgbroker/pkg/sdk/request.go:133.3,134.17 2 1
github.com/vatsal278/msgbroker/pkg/sdk/request.go:137.3,137.17 1 1
github.com/vatsal278/msgbroker/pkg/sdk/request.go:140.3,141.17 2 1
github.com/vatsal278/msgbroker/pkg/sdk/request.go:144.3,144.18 1 1
github.com/vatsal278/msgbroker/pkg/sdk/request.go:130.20,132.4 1 1
github.com/vatsal278/msgbroker/pkg/sdk/request.go:134.17,136.4 1 0
github.com/vatsal278/msgbroker/pkg/sdk/request.go:137.17,139.4 1 1
github.com/vatsal278/msgbroker/pkg/sdk/request.go:141.17,143.4 1 1
